c:\users\psj17\source\repos\informationprocessing\informationprocessing\debug\vc142.pdb
c:\users\psj17\source\repos\informationprocessing\informationprocessing\debug\vc142.idb
c:\users\psj17\source\repos\informationprocessing\informationprocessing\debug\exam 1-1.obj
c:\users\psj17\source\repos\informationprocessing\debug\informationprocessing.exe
c:\users\psj17\source\repos\informationprocessing\debug\informationprocessing.ilk
c:\users\psj17\source\repos\informationprocessing\debug\informationprocessing.pdb
c:\users\psj17\source\repos\informationprocessing\informationprocessing\debug\exam 1-2.obj
c:\users\psj17\source\repos\informationprocessing\informationprocessing\debug\exam 1-3.obj
c:\users\psj17\source\repos\informationprocessing\informationprocessing\debug\exam 1-4.obj
c:\users\psj17\source\repos\informationprocessing\informationprocessing\debug\exam 1-5.obj
c:\users\psj17\source\repos\informationprocessing\informationprocessing\debug\exam 2-1.obj
c:\users\psj17\source\repos\informationprocessing\informationprocessing\debug\exam 2-2.obj
c:\users\psj17\source\repos\informationprocessing\informationprocessing\debug\exam 2-3.obj
c:\users\psj17\source\repos\informationprocessing\informationprocessing\debug\exam 3-1.obj
c:\users\psj17\source\repos\informationprocessing\informationprocessing\debug\exam 3.obj
c:\users\psj17\source\repos\informationprocessing\informationprocessing\debug\exam 4-1.obj
c:\users\psj17\source\repos\informationprocessing\informationprocessing\debug\exam 4-2.obj
c:\users\psj17\source\repos\informationprocessing\informationprocessing\debug\exam 4.obj
c:\users\psj17\source\repos\informationprocessing\informationprocessing\debug\exam 5-1.obj
c:\users\psj17\source\repos\informationprocessing\informationprocessing\debug\exam 5-3.obj
c:\users\psj17\source\repos\informationprocessing\informationprocessing\debug\exam 5-4.obj
c:\users\psj17\source\repos\informationprocessing\informationprocessing\debug\exam 5-5.obj
c:\users\psj17\source\repos\informationprocessing\informationprocessing\debug\exam 5-6.obj
c:\users\psj17\source\repos\informationprocessing\informationprocessing\debug\exam.obj
c:\users\psj17\source\repos\informationprocessing\informationprocessing\debug\q1,c.obj
c:\users\psj17\source\repos\informationprocessing\informationprocessing\debug\q1.obj
c:\users\psj17\source\repos\informationprocessing\informationprocessing\debug\q2.obj
c:\users\psj17\source\repos\informationprocessing\informationprocessing\debug\q3.obj
c:\users\psj17\source\repos\informationprocessing\informationprocessing\debug\q4.obj
c:\users\psj17\source\repos\informationprocessing\informationprocessing\debug\q5.obj
c:\users\psj17\source\repos\informationprocessing\informationprocessing\debug\q6.obj
c:\users\psj17\source\repos\informationprocessing\informationprocessing\debug\q7.obj
c:\users\psj17\source\repos\informationprocessing\informationprocessing\debug\informat.7d4e8a9f.tlog\cl.command.1.tlog
c:\users\psj17\source\repos\informationprocessing\informationprocessing\debug\informat.7d4e8a9f.tlog\cl.read.1.tlog
c:\users\psj17\source\repos\informationprocessing\informationprocessing\debug\informat.7d4e8a9f.tlog\cl.write.1.tlog
c:\users\psj17\source\repos\informationprocessing\informationprocessing\debug\informat.7d4e8a9f.tlog\link.command.1.tlog
c:\users\psj17\source\repos\informationprocessing\informationprocessing\debug\informat.7d4e8a9f.tlog\link.read.1.tlog
c:\users\psj17\source\repos\informationprocessing\informationprocessing\debug\informat.7d4e8a9f.tlog\link.write.1.tlog
